<?xml version="1.0" encoding="UTF-8"?>
<!-- Generated by org.testng.reporters.JUnitXMLReporter -->
<testsuite ignored="1" hostname="Randalls-MacBook-Pro.local" failures="0" tests="13" name="Demo Site Tests" time="85.866" errors="0" timestamp="2023-12-12T02:40:00 SAST">
  <testcase classname="ui.tests.FiltersTest" name="testAddButtonAfterAddingMaxSelection" time="17.502"/>
  <testcase classname="ui.tests.FiltersTest" name="testAddButtonAfterRemovingSelection" time="5.734"/>
  <testcase classname="ui.tests.FiltersTest" name="testAmenitiesCheckboxes" time="4.745"/>
  <testcase classname="ui.tests.FiltersTest" name="testBathroomsSelection" time="3.54"/>
  <testcase classname="ui.tests.FiltersTest" name="testBedroomsSelection" time="3.258"/>
  <testcase classname="ui.tests.FiltersTest" name="testBedsSelection" time="3.301"/>
  <testcase classname="ui.tests.FiltersTest" name="testClearAllFilters" time="5.784"/>
  <testcase classname="ui.tests.FiltersTest" name="testInitialButtonState" time="3.043"/>
  <testcase classname="ui.tests.FiltersTest" name="testInitialCheckboxState" time="3.533"/>
  <testcase classname="ui.tests.FiltersTest" name="testInitialInputBoxState" time="2.786"/>
  <testcase classname="ui.tests.FiltersTest" name="testPriceInputDisabled" time="2.507"/>
  <testcase classname="ui.tests.FiltersTest" name="testPriceInputEnabled" time="2.835"/>
  <testcase classname="ui.tests.ListingsTest" name="testCountAllListings" time="26.339"/>
  <testcase classname="util.base_tests.BaseUiTest" name="@BeforeSuite setEnvironmentConfiguration" time="0.0">
    <ignored/>
  </testcase> <!-- @BeforeSuite setEnvironmentConfiguration -->
</testsuite> <!-- Demo Site Tests -->
