<?xml version="1.0" encoding="UTF-8"?>
<testng-results ignored="0" total="13" passed="13" failed="0" skipped="0">
  <reporter-output>
  </reporter-output>
  <suite started-at="2023-12-12T02:38:34 SAST" name="Demo Test Suite" finished-at="2023-12-12T02:40:00 SAST" duration-ms="85866">
    <groups>
    </groups>
    <test started-at="2023-12-12T02:38:34 SAST" name="Demo Site Tests" finished-at="2023-12-12T02:40:00 SAST" duration-ms="85866">
      <class name="ui.tests.ListingsTest">
        <test-method is-config="true" signature="setUp()[pri:0, instance:ui.tests.ListingsTest@7a66c35a]" started-at="2023-12-12T02:39:33 SAST" name="setUp" finished-at="2023-12-12T02:39:33 SAST" duration-ms="1" status="PASS">
          <reporter-output>
          </reporter-output>
        </test-method> <!-- setUp -->
        <test-method signature="testCountAllListings()[pri:0, instance:ui.tests.ListingsTest@7a66c35a]" started-at="2023-12-12T02:39:33 SAST" name="testCountAllListings" finished-at="2023-12-12T02:40:00 SAST" duration-ms="26339" status="PASS">
          <reporter-output>
          </reporter-output>
        </test-method> <!-- testCountAllListings -->
        <test-method is-config="true" signature="afterTest()[pri:0, instance:ui.tests.ListingsTest@7a66c35a]" started-at="2023-12-12T02:40:00 SAST" name="afterTest" finished-at="2023-12-12T02:40:00 SAST" duration-ms="366" status="PASS">
          <reporter-output>
          </reporter-output>
        </test-method> <!-- afterTest -->
      </class> <!-- ui.tests.ListingsTest -->
      <class name="ui.tests.FiltersTest">
        <test-method is-config="true" signature="setEnvironmentConfiguration()[pri:0, instance:ui.tests.FiltersTest@36224f93]" started-at="2023-12-12T02:38:34 SAST" name="setEnvironmentConfiguration" finished-at="2023-12-12T02:38:34 SAST" duration-ms="107" status="PASS">
          <reporter-output>
          </reporter-output>
        </test-method> <!-- setEnvironmentConfiguration -->
        <test-method is-config="true" signature="setUp()[pri:0, instance:ui.tests.FiltersTest@36224f93]" started-at="2023-12-12T02:38:34 SAST" name="setUp" finished-at="2023-12-12T02:38:34 SAST" duration-ms="15" status="PASS">
          <reporter-output>
          </reporter-output>
        </test-method> <!-- setUp -->
        <test-method signature="testAddButtonAfterAddingMaxSelection()[pri:0, instance:ui.tests.FiltersTest@36224f93]" started-at="2023-12-12T02:38:34 SAST" name="testAddButtonAfterAddingMaxSelection" finished-at="2023-12-12T02:38:52 SAST" duration-ms="17502" status="PASS">
          <reporter-output>
          </reporter-output>
        </test-method> <!-- testAddButtonAfterAddingMaxSelection -->
        <test-method signature="testAddButtonAfterRemovingSelection()[pri:0, instance:ui.tests.FiltersTest@36224f93]" started-at="2023-12-12T02:38:52 SAST" name="testAddButtonAfterRemovingSelection" finished-at="2023-12-12T02:38:58 SAST" duration-ms="5734" status="PASS">
          <reporter-output>
          </reporter-output>
        </test-method> <!-- testAddButtonAfterRemovingSelection -->
        <test-method signature="testAmenitiesCheckboxes()[pri:0, instance:ui.tests.FiltersTest@36224f93]" started-at="2023-12-12T02:38:58 SAST" name="testAmenitiesCheckboxes" finished-at="2023-12-12T02:39:02 SAST" duration-ms="4745" status="PASS">
          <reporter-output>
          </reporter-output>
        </test-method> <!-- testAmenitiesCheckboxes -->
        <test-method signature="testBathroomsSelection()[pri:0, instance:ui.tests.FiltersTest@36224f93]" started-at="2023-12-12T02:39:02 SAST" name="testBathroomsSelection" finished-at="2023-12-12T02:39:06 SAST" duration-ms="3540" status="PASS">
          <reporter-output>
          </reporter-output>
        </test-method> <!-- testBathroomsSelection -->
        <test-method signature="testBedroomsSelection()[pri:0, instance:ui.tests.FiltersTest@36224f93]" started-at="2023-12-12T02:39:06 SAST" name="testBedroomsSelection" finished-at="2023-12-12T02:39:09 SAST" duration-ms="3258" status="PASS">
          <reporter-output>
          </reporter-output>
        </test-method> <!-- testBedroomsSelection -->
        <test-method signature="testBedsSelection()[pri:0, instance:ui.tests.FiltersTest@36224f93]" started-at="2023-12-12T02:39:09 SAST" name="testBedsSelection" finished-at="2023-12-12T02:39:13 SAST" duration-ms="3301" status="PASS">
          <reporter-output>
          </reporter-output>
        </test-method> <!-- testBedsSelection -->
        <test-method signature="testClearAllFilters()[pri:0, instance:ui.tests.FiltersTest@36224f93]" started-at="2023-12-12T02:39:13 SAST" name="testClearAllFilters" finished-at="2023-12-12T02:39:18 SAST" duration-ms="5784" status="PASS">
          <reporter-output>
          </reporter-output>
        </test-method> <!-- testClearAllFilters -->
        <test-method signature="testInitialButtonState()[pri:0, instance:ui.tests.FiltersTest@36224f93]" started-at="2023-12-12T02:39:18 SAST" name="testInitialButtonState" finished-at="2023-12-12T02:39:21 SAST" duration-ms="3043" status="PASS">
          <reporter-output>
          </reporter-output>
        </test-method> <!-- testInitialButtonState -->
        <test-method signature="testInitialCheckboxState()[pri:0, instance:ui.tests.FiltersTest@36224f93]" started-at="2023-12-12T02:39:21 SAST" name="testInitialCheckboxState" finished-at="2023-12-12T02:39:25 SAST" duration-ms="3533" status="PASS">
          <reporter-output>
          </reporter-output>
        </test-method> <!-- testInitialCheckboxState -->
        <test-method signature="testInitialInputBoxState()[pri:0, instance:ui.tests.FiltersTest@36224f93]" started-at="2023-12-12T02:39:25 SAST" name="testInitialInputBoxState" finished-at="2023-12-12T02:39:28 SAST" duration-ms="2786" status="PASS">
          <reporter-output>
          </reporter-output>
        </test-method> <!-- testInitialInputBoxState -->
        <test-method signature="testPriceInputDisabled()[pri:0, instance:ui.tests.FiltersTest@36224f93]" started-at="2023-12-12T02:39:28 SAST" name="testPriceInputDisabled" finished-at="2023-12-12T02:39:30 SAST" duration-ms="2507" status="PASS">
          <reporter-output>
          </reporter-output>
        </test-method> <!-- testPriceInputDisabled -->
        <test-method signature="testPriceInputEnabled()[pri:0, instance:ui.tests.FiltersTest@36224f93]" started-at="2023-12-12T02:39:30 SAST" name="testPriceInputEnabled" finished-at="2023-12-12T02:39:33 SAST" duration-ms="2835" status="PASS">
          <reporter-output>
          </reporter-output>
        </test-method> <!-- testPriceInputEnabled -->
        <test-method is-config="true" signature="afterTest()[pri:0, instance:ui.tests.FiltersTest@36224f93]" started-at="2023-12-12T02:39:33 SAST" name="afterTest" finished-at="2023-12-12T02:39:33 SAST" duration-ms="292" status="PASS">
          <reporter-output>
          </reporter-output>
        </test-method> <!-- afterTest -->
      </class> <!-- ui.tests.FiltersTest -->
    </test> <!-- Demo Site Tests -->
  </suite> <!-- Demo Test Suite -->
</testng-results>
