<?xml version="1.0" encoding="UTF-8"?>
<testsuite xmlns:xsi="http://www.w3.org/2001/XMLSchema-instance" xsi:noNamespaceSchemaLocation="https://maven.apache.org/surefire/maven-surefire-plugin/xsd/surefire-test-report-3.0.xsd" version="3.0" name="TestSuite" time="90.792" tests="13" errors="0" skipped="0" failures="0">
  <properties>
[...]
</properties>
  <testcase name="testAddButtonAfterAddingMaxSelection" classname="ui.tests.FiltersTest" time="17.636"/>
  <testcase name="testAddButtonAfterRemovingSelection" classname="ui.tests.FiltersTest" time="5.737"/>
  <testcase name="testAmenitiesCheckboxes" classname="ui.tests.FiltersTest" time="4.751"/>
  <testcase name="testBathroomsSelection" classname="ui.tests.FiltersTest" time="3.548"/>
  <testcase name="testBedroomsSelection" classname="ui.tests.FiltersTest" time="3.259"/>
  <testcase name="testBedsSelection" classname="ui.tests.FiltersTest" time="3.303"/>
  <testcase name="testClearAllFilters" classname="ui.tests.FiltersTest" time="5.791"/>
  <testcase name="testInitialButtonState" classname="ui.tests.FiltersTest" time="3.044"/>
  <testcase name="testInitialCheckboxState" classname="ui.tests.FiltersTest" time="3.535"/>
  <testcase name="testInitialInputBoxState" classname="ui.tests.FiltersTest" time="2.791"/>
  <testcase name="testPriceInputDisabled" classname="ui.tests.FiltersTest" time="2.507"/>
  <testcase name="testPriceInputEnabled" classname="ui.tests.FiltersTest" time="2.845"/>
  <testcase name="testCountAllListings" classname="ui.tests.ListingsTest" time="26.341">
    <system-err><![CDATA[Dec 12, 2023 2:39:33 AM org.openqa.selenium.remote.http.WebSocket$Listener onError
WARNING: Connection reset
java.net.SocketException: Connection reset
	at java.base/sun.nio.ch.SocketChannelImpl.throwConnectionReset(SocketChannelImpl.java:401)
	at java.base/sun.nio.ch.SocketChannelImpl.read(SocketChannelImpl.java:434)
	at io.netty.buffer.PooledByteBuf.setBytes(PooledByteBuf.java:254)
	at io.netty.buffer.AbstractByteBuf.writeBytes(AbstractByteBuf.java:1132)
	at io.netty.channel.socket.nio.NioSocketChannel.doReadBytes(NioSocketChannel.java:357)
	at io.netty.channel.nio.AbstractNioByteChannel$NioByteUnsafe.read(AbstractNioByteChannel.java:151)
	at io.netty.channel.nio.NioEventLoop.processSelectedKey(NioEventLoop.java:788)
	at io.netty.channel.nio.NioEventLoop.processSelectedKeysOptimized(NioEventLoop.java:724)
	at io.netty.channel.nio.NioEventLoop.processSelectedKeys(NioEventLoop.java:650)
	at io.netty.channel.nio.NioEventLoop.run(NioEventLoop.java:562)
	at io.netty.util.concurrent.SingleThreadEventExecutor$4.run(SingleThreadEventExecutor.java:997)
	at io.netty.util.internal.ThreadExecutorMap$2.run(ThreadExecutorMap.java:74)
	at io.netty.util.concurrent.FastThreadLocalRunnable.run(FastThreadLocalRunnable.java:30)
	at java.base/java.lang.Thread.run(Thread.java:1623)

]]></system-err>
  </testcase>
</testsuite>